<?xml version="1.0" encoding="UTF-8"?>
<!-- Generated by org.testng.reporters.JUnitReportReporter -->
<testsuite hostname="LAPTOP-UDIH4PQG" failures="0" tests="1" name="amazonpage.login" time="0.014" errors="0" timestamp="2022-11-08T12:03:45 IST" skipped="0">
  <testcase classname="amazonpage.login" name="title" time="0.014"/>
  <system-out/>
</testsuite> <!-- amazonpage.login -->
